-------------------------------------------------------------------------------
Test set: com.luisalonso.userservice.architecture.ArchitectureTest
-------------------------------------------------------------------------------
Tests run: 1, Failures: 1, Errors: 0, Skipped: 0, Time elapsed: 4.951 s <<< FAILURE! -- in com.luisalonso.userservice.architecture.ArchitectureTest
com.luisalonso.userservice.architecture.ArchitectureTest.layeredArchitectureRule -- Time elapsed: 4.948 s <<< FAILURE!
java.lang.AssertionError: 
Architecture Violation [Priority: MEDIUM] - Rule 'Layered architecture considering all dependencies, consisting of
layer 'Controller' ('..controller..')
layer 'Service' ('..service..')
layer 'Repository' ('..repository..')
where layer 'Controller' may only access layers ['Service']
where layer 'Service' may only access layers ['Repository']' was violated (38 times):
Class <com.luisalonso.userservice.controller.UserController> extends class <java.lang.Object> in (UserController.java:0)
Class <com.luisalonso.userservice.controller.UserController> is annotated with <org.springframework.web.bind.annotation.RequestMapping> in (UserController.java:0)
Class <com.luisalonso.userservice.controller.UserController> is annotated with <org.springframework.web.bind.annotation.RestController> in (UserController.java:0)
Class <com.luisalonso.userservice.service.UserService> extends class <java.lang.Object> in (UserService.java:0)
Class <com.luisalonso.userservice.service.UserService> is annotated with <org.springframework.stereotype.Service> in (UserService.java:0)
Class <com.luisalonso.userservice.service.UserServiceTest> extends class <java.lang.Object> in (UserServiceTest.java:0)
Class <com.luisalonso.userservice.service.UserServiceTest> has annotation member of type <org.springframework.boot.test.context.SpringBootTest$UseMainMethod> in (UserServiceTest.java:0)
Class <com.luisalonso.userservice.service.UserServiceTest> has annotation member of type <org.springframework.boot.test.context.SpringBootTest$WebEnvironment> in (UserServiceTest.java:0)
Class <com.luisalonso.userservice.service.UserServiceTest> is annotated with <org.springframework.boot.test.context.SpringBootTest> in (UserServiceTest.java:0)
Constructor <com.luisalonso.userservice.controller.UserController.<init>(com.luisalonso.userservice.service.UserService)> calls constructor <java.lang.Object.<init>()> in (UserController.java:18)
Constructor <com.luisalonso.userservice.service.UserService.<init>(com.luisalonso.userservice.repository.UserRepository, com.luisalonso.userservice.mapper.UserMapper)> calls constructor <java.lang.Object.<init>()> in (UserService.java:13)
Constructor <com.luisalonso.userservice.service.UserService.<init>(com.luisalonso.userservice.repository.UserRepository, com.luisalonso.userservice.mapper.UserMapper)> has parameter of type <com.luisalonso.userservice.mapper.UserMapper> in (UserService.java:0)
Constructor <com.luisalonso.userservice.service.UserServiceTest.<init>()> calls constructor <java.lang.Object.<init>()> in (UserServiceTest.java:12)
Field <com.luisalonso.userservice.service.UserService.mapper> has type <com.luisalonso.userservice.mapper.UserMapper> in (UserService.java:0)
Field <com.luisalonso.userservice.service.UserServiceTest.service> is annotated with <org.springframework.beans.factory.annotation.Autowired> in (UserServiceTest.java:0)
Method <com.luisalonso.userservice.controller.UserController.adminOnly()> has return type <java.lang.String> in (UserController.java:0)
Method <com.luisalonso.userservice.controller.UserController.adminOnly()> is annotated with <org.springframework.security.access.prepost.PreAuthorize> in (UserController.java:0)
Method <com.luisalonso.userservice.controller.UserController.adminOnly()> is annotated with <org.springframework.web.bind.annotation.GetMapping> in (UserController.java:0)
Method <com.luisalonso.userservice.controller.UserController.me(org.springframework.security.oauth2.jwt.Jwt)> calls method <org.springframework.http.ResponseEntity.ok(java.lang.Object)> in (UserController.java:29)
Method <com.luisalonso.userservice.controller.UserController.me(org.springframework.security.oauth2.jwt.Jwt)> calls method <org.springframework.security.oauth2.jwt.Jwt.getSubject()> in (UserController.java:27)
Method <com.luisalonso.userservice.controller.UserController.me(org.springframework.security.oauth2.jwt.Jwt)> has generic return type <org.springframework.http.ResponseEntity<com.luisalonso.userservice.dto.UserDto>> with type argument depending on <com.luisalonso.userservice.dto.UserDto> in (UserController.java:0)
Method <com.luisalonso.userservice.controller.UserController.me(org.springframework.security.oauth2.jwt.Jwt)> has parameter of type <org.springframework.security.oauth2.jwt.Jwt> in (UserController.java:0)
Method <com.luisalonso.userservice.controller.UserController.me(org.springframework.security.oauth2.jwt.Jwt)> has return type <org.springframework.http.ResponseEntity> in (UserController.java:0)
Method <com.luisalonso.userservice.controller.UserController.me(org.springframework.security.oauth2.jwt.Jwt)> is annotated with <org.springframework.web.bind.annotation.GetMapping> in (UserController.java:0)
Method <com.luisalonso.userservice.service.UserService.getUserByAzureId(java.lang.String)> calls constructor <java.lang.RuntimeException.<init>(java.lang.String)> in (UserService.java:24)
Method <com.luisalonso.userservice.service.UserService.getUserByAzureId(java.lang.String)> calls method <com.luisalonso.userservice.mapper.UserMapper.toDto(com.luisalonso.userservice.entity.User)> in (UserService.java:26)
Method <com.luisalonso.userservice.service.UserService.getUserByAzureId(java.lang.String)> calls method <java.util.Optional.orElseThrow(java.util.function.Supplier)> in (UserService.java:23)
Method <com.luisalonso.userservice.service.UserService.getUserByAzureId(java.lang.String)> has parameter of type <java.lang.String> in (UserService.java:0)
Method <com.luisalonso.userservice.service.UserService.getUserByAzureId(java.lang.String)> has return type <com.luisalonso.userservice.dto.UserDto> in (UserService.java:0)
Method <com.luisalonso.userservice.service.UserService.save(com.luisalonso.userservice.dto.UserDto)> calls method <com.luisalonso.userservice.mapper.UserMapper.toDto(com.luisalonso.userservice.entity.User)> in (UserService.java:33)
Method <com.luisalonso.userservice.service.UserService.save(com.luisalonso.userservice.dto.UserDto)> calls method <com.luisalonso.userservice.mapper.UserMapper.toEntity(com.luisalonso.userservice.dto.UserDto)> in (UserService.java:31)
Method <com.luisalonso.userservice.service.UserService.save(com.luisalonso.userservice.dto.UserDto)> has parameter of type <com.luisalonso.userservice.dto.UserDto> in (UserService.java:0)
Method <com.luisalonso.userservice.service.UserService.save(com.luisalonso.userservice.dto.UserDto)> has return type <com.luisalonso.userservice.dto.UserDto> in (UserService.java:0)
Method <com.luisalonso.userservice.service.UserServiceTest.shouldSaveUser()> calls constructor <com.luisalonso.userservice.dto.UserDto.<init>()> in (UserServiceTest.java:20)
Method <com.luisalonso.userservice.service.UserServiceTest.shouldSaveUser()> calls method <com.luisalonso.userservice.dto.UserDto.setName(java.lang.String)> in (UserServiceTest.java:22)
Method <com.luisalonso.userservice.service.UserServiceTest.shouldSaveUser()> calls method <org.junit.jupiter.api.Assertions.assertNotNull(java.lang.Object)> in (UserServiceTest.java:26)
Method <com.luisalonso.userservice.service.UserServiceTest.shouldSaveUser()> is annotated with <org.junit.jupiter.api.Test> in (UserServiceTest.java:0)
Parameter <org.springframework.security.oauth2.jwt.Jwt> of method <com.luisalonso.userservice.controller.UserController.me(org.springframework.security.oauth2.jwt.Jwt)> is annotated with <org.springframework.security.core.annotation.AuthenticationPrincipal> in (UserController.java:0)
	at com.tngtech.archunit.lang.ArchRule$Assertions.assertNoViolation(ArchRule.java:94)
	at com.tngtech.archunit.lang.ArchRule$Assertions.check(ArchRule.java:86)
	at com.tngtech.archunit.library.Architectures$LayeredArchitecture.check(Architectures.java:347)
	at com.tngtech.archunit.junit.internal.ArchUnitTestDescriptor$ArchUnitRuleDescriptor.execute(ArchUnitTestDescriptor.java:167)
	at com.tngtech.archunit.junit.internal.ArchUnitTestDescriptor$ArchUnitRuleDescriptor.execute(ArchUnitTestDescriptor.java:150)
	at java.base/java.util.ArrayList.forEach(ArrayList.java:1596)
	at java.base/java.util.ArrayList.forEach(ArrayList.java:1596)

