<?xml version="1.0" encoding="UTF-8"?>
<testsuite xmlns:xsi="http://www.w3.org/2001/XMLSchema-instance" xsi:noNamespaceSchemaLocation="https://maven.apache.org/surefire/maven-surefire-plugin/xsd/surefire-test-report.xsd" version="3.0.2" name="com.luisalonso.userservice.architecture.ArchitectureTest" time="4.951" tests="1" errors="0" skipped="0" failures="1" flakes="0">
  <properties>
[...]
</properties>
  <testcase name="layeredArchitectureRule" classname="ArchitectureTest" time="4.948">
    <failure message="Architecture Violation [Priority: MEDIUM] - Rule &apos;Layered architecture considering all dependencies, consisting of&#10;layer &apos;Controller&apos; (&apos;..controller..&apos;)&#10;layer &apos;Service&apos; (&apos;..service..&apos;)&#10;layer &apos;Repository&apos; (&apos;..repository..&apos;)&#10;where layer &apos;Controller&apos; may only access layers [&apos;Service&apos;]&#10;where layer &apos;Service&apos; may only access layers [&apos;Repository&apos;]&apos; was violated (38 times):&#10;Class &lt;com.luisalonso.userservice.controller.UserController&gt; extends class &lt;java.lang.Object&gt; in (UserController.java:0)&#10;Class &lt;com.luisalonso.userservice.controller.UserController&gt; is annotated with &lt;org.springframework.web.bind.annotation.RequestMapping&gt; in (UserController.java:0)&#10;Class &lt;com.luisalonso.userservice.controller.UserController&gt; is annotated with &lt;org.springframework.web.bind.annotation.RestController&gt; in (UserController.java:0)&#10;Class &lt;com.luisalonso.userservice.service.UserService&gt; extends class &lt;java.lang.Object&gt; in (UserService.java:0)&#10;Class &lt;com.luisalonso.userservice.service.UserService&gt; is annotated with &lt;org.springframework.stereotype.Service&gt; in (UserService.java:0)&#10;Class &lt;com.luisalonso.userservice.service.UserServiceTest&gt; extends class &lt;java.lang.Object&gt; in (UserServiceTest.java:0)&#10;Class &lt;com.luisalonso.userservice.service.UserServiceTest&gt; has annotation member of type &lt;org.springframework.boot.test.context.SpringBootTest$UseMainMethod&gt; in (UserServiceTest.java:0)&#10;Class &lt;com.luisalonso.userservice.service.UserServiceTest&gt; has annotation member of type &lt;org.springframework.boot.test.context.SpringBootTest$WebEnvironment&gt; in (UserServiceTest.java:0)&#10;Class &lt;com.luisalonso.userservice.service.UserServiceTest&gt; is annotated with &lt;org.springframework.boot.test.context.SpringBootTest&gt; in (UserServiceTest.java:0)&#10;Constructor &lt;com.luisalonso.userservice.controller.UserController.&lt;init&gt;(com.luisalonso.userservice.service.UserService)&gt; calls constructor &lt;java.lang.Object.&lt;init&gt;()&gt; in (UserController.java:18)&#10;Constructor &lt;com.luisalonso.userservice.service.UserService.&lt;init&gt;(com.luisalonso.userservice.repository.UserRepository, com.luisalonso.userservice.mapper.UserMapper)&gt; calls constructor &lt;java.lang.Object.&lt;init&gt;()&gt; in (UserService.java:13)&#10;Constructor &lt;com.luisalonso.userservice.service.UserService.&lt;init&gt;(com.luisalonso.userservice.repository.UserRepository, com.luisalonso.userservice.mapper.UserMapper)&gt; has parameter of type &lt;com.luisalonso.userservice.mapper.UserMapper&gt; in (UserService.java:0)&#10;Constructor &lt;com.luisalonso.userservice.service.UserServiceTest.&lt;init&gt;()&gt; calls constructor &lt;java.lang.Object.&lt;init&gt;()&gt; in (UserServiceTest.java:12)&#10;Field &lt;com.luisalonso.userservice.service.UserService.mapper&gt; has type &lt;com.luisalonso.userservice.mapper.UserMapper&gt; in (UserService.java:0)&#10;Field &lt;com.luisalonso.userservice.service.UserServiceTest.service&gt; is annotated with &lt;org.springframework.beans.factory.annotation.Autowired&gt; in (UserServiceTest.java:0)&#10;Method &lt;com.luisalonso.userservice.controller.UserController.adminOnly()&gt; has return type &lt;java.lang.String&gt; in (UserController.java:0)&#10;Method &lt;com.luisalonso.userservice.controller.UserController.adminOnly()&gt; is annotated with &lt;org.springframework.security.access.prepost.PreAuthorize&gt; in (UserController.java:0)&#10;Method &lt;com.luisalonso.userservice.controller.UserController.adminOnly()&gt; is annotated with &lt;org.springframework.web.bind.annotation.GetMapping&gt; in (UserController.java:0)&#10;Method &lt;com.luisalonso.userservice.controller.UserController.me(org.springframework.security.oauth2.jwt.Jwt)&gt; calls method &lt;org.springframework.http.ResponseEntity.ok(java.lang.Object)&gt; in (UserController.java:29)&#10;Method &lt;com.luisalonso.userservice.controller.UserController.me(org.springframework.security.oauth2.jwt.Jwt)&gt; calls method &lt;org.springframework.security.oauth2.jwt.Jwt.getSubject()&gt; in (UserController.java:27)&#10;Method &lt;com.luisalonso.userservice.controller.UserController.me(org.springframework.security.oauth2.jwt.Jwt)&gt; has generic return type &lt;org.springframework.http.ResponseEntity&lt;com.luisalonso.userservice.dto.UserDto&gt;&gt; with type argument depending on &lt;com.luisalonso.userservice.dto.UserDto&gt; in (UserController.java:0)&#10;Method &lt;com.luisalonso.userservice.controller.UserController.me(org.springframework.security.oauth2.jwt.Jwt)&gt; has parameter of type &lt;org.springframework.security.oauth2.jwt.Jwt&gt; in (UserController.java:0)&#10;Method &lt;com.luisalonso.userservice.controller.UserController.me(org.springframework.security.oauth2.jwt.Jwt)&gt; has return type &lt;org.springframework.http.ResponseEntity&gt; in (UserController.java:0)&#10;Method &lt;com.luisalonso.userservice.controller.UserController.me(org.springframework.security.oauth2.jwt.Jwt)&gt; is annotated with &lt;org.springframework.web.bind.annotation.GetMapping&gt; in (UserController.java:0)&#10;Method &lt;com.luisalonso.userservice.service.UserService.getUserByAzureId(java.lang.String)&gt; calls constructor &lt;java.lang.RuntimeException.&lt;init&gt;(java.lang.String)&gt; in (UserService.java:24)&#10;Method &lt;com.luisalonso.userservice.service.UserService.getUserByAzureId(java.lang.String)&gt; calls method &lt;com.luisalonso.userservice.mapper.UserMapper.toDto(com.luisalonso.userservice.entity.User)&gt; in (UserService.java:26)&#10;Method &lt;com.luisalonso.userservice.service.UserService.getUserByAzureId(java.lang.String)&gt; calls method &lt;java.util.Optional.orElseThrow(java.util.function.Supplier)&gt; in (UserService.java:23)&#10;Method &lt;com.luisalonso.userservice.service.UserService.getUserByAzureId(java.lang.String)&gt; has parameter of type &lt;java.lang.String&gt; in (UserService.java:0)&#10;Method &lt;com.luisalonso.userservice.service.UserService.getUserByAzureId(java.lang.String)&gt; has return type &lt;com.luisalonso.userservice.dto.UserDto&gt; in (UserService.java:0)&#10;Method &lt;com.luisalonso.userservice.service.UserService.save(com.luisalonso.userservice.dto.UserDto)&gt; calls method &lt;com.luisalonso.userservice.mapper.UserMapper.toDto(com.luisalonso.userservice.entity.User)&gt; in (UserService.java:33)&#10;Method &lt;com.luisalonso.userservice.service.UserService.save(com.luisalonso.userservice.dto.UserDto)&gt; calls method &lt;com.luisalonso.userservice.mapper.UserMapper.toEntity(com.luisalonso.userservice.dto.UserDto)&gt; in (UserService.java:31)&#10;Method &lt;com.luisalonso.userservice.service.UserService.save(com.luisalonso.userservice.dto.UserDto)&gt; has parameter of type &lt;com.luisalonso.userservice.dto.UserDto&gt; in (UserService.java:0)&#10;Method &lt;com.luisalonso.userservice.service.UserService.save(com.luisalonso.userservice.dto.UserDto)&gt; has return type &lt;com.luisalonso.userservice.dto.UserDto&gt; in (UserService.java:0)&#10;Method &lt;com.luisalonso.userservice.service.UserServiceTest.shouldSaveUser()&gt; calls constructor &lt;com.luisalonso.userservice.dto.UserDto.&lt;init&gt;()&gt; in (UserServiceTest.java:20)&#10;Method &lt;com.luisalonso.userservice.service.UserServiceTest.shouldSaveUser()&gt; calls method &lt;com.luisalonso.userservice.dto.UserDto.setName(java.lang.String)&gt; in (UserServiceTest.java:22)&#10;Method &lt;com.luisalonso.userservice.service.UserServiceTest.shouldSaveUser()&gt; calls method &lt;org.junit.jupiter.api.Assertions.assertNotNull(java.lang.Object)&gt; in (UserServiceTest.java:26)&#10;Method &lt;com.luisalonso.userservice.service.UserServiceTest.shouldSaveUser()&gt; is annotated with &lt;org.junit.jupiter.api.Test&gt; in (UserServiceTest.java:0)&#10;Parameter &lt;org.springframework.security.oauth2.jwt.Jwt&gt; of method &lt;com.luisalonso.userservice.controller.UserController.me(org.springframework.security.oauth2.jwt.Jwt)&gt; is annotated with &lt;org.springframework.security.core.annotation.AuthenticationPrincipal&gt; in (UserController.java:0)" type="java.lang.AssertionError"><![CDATA[java.lang.AssertionError: 
Architecture Violation [Priority: MEDIUM] - Rule 'Layered architecture considering all dependencies, consisting of
layer 'Controller' ('..controller..')
layer 'Service' ('..service..')
layer 'Repository' ('..repository..')
where layer 'Controller' may only access layers ['Service']
where layer 'Service' may only access layers ['Repository']' was violated (38 times):
Class <com.luisalonso.userservice.controller.UserController> extends class <java.lang.Object> in (UserController.java:0)
Class <com.luisalonso.userservice.controller.UserController> is annotated with <org.springframework.web.bind.annotation.RequestMapping> in (UserController.java:0)
Class <com.luisalonso.userservice.controller.UserController> is annotated with <org.springframework.web.bind.annotation.RestController> in (UserController.java:0)
Class <com.luisalonso.userservice.service.UserService> extends class <java.lang.Object> in (UserService.java:0)
Class <com.luisalonso.userservice.service.UserService> is annotated with <org.springframework.stereotype.Service> in (UserService.java:0)
Class <com.luisalonso.userservice.service.UserServiceTest> extends class <java.lang.Object> in (UserServiceTest.java:0)
Class <com.luisalonso.userservice.service.UserServiceTest> has annotation member of type <org.springframework.boot.test.context.SpringBootTest$UseMainMethod> in (UserServiceTest.java:0)
Class <com.luisalonso.userservice.service.UserServiceTest> has annotation member of type <org.springframework.boot.test.context.SpringBootTest$WebEnvironment> in (UserServiceTest.java:0)
Class <com.luisalonso.userservice.service.UserServiceTest> is annotated with <org.springframework.boot.test.context.SpringBootTest> in (UserServiceTest.java:0)
Constructor <com.luisalonso.userservice.controller.UserController.<init>(com.luisalonso.userservice.service.UserService)> calls constructor <java.lang.Object.<init>()> in (UserController.java:18)
Constructor <com.luisalonso.userservice.service.UserService.<init>(com.luisalonso.userservice.repository.UserRepository, com.luisalonso.userservice.mapper.UserMapper)> calls constructor <java.lang.Object.<init>()> in (UserService.java:13)
Constructor <com.luisalonso.userservice.service.UserService.<init>(com.luisalonso.userservice.repository.UserRepository, com.luisalonso.userservice.mapper.UserMapper)> has parameter of type <com.luisalonso.userservice.mapper.UserMapper> in (UserService.java:0)
Constructor <com.luisalonso.userservice.service.UserServiceTest.<init>()> calls constructor <java.lang.Object.<init>()> in (UserServiceTest.java:12)
Field <com.luisalonso.userservice.service.UserService.mapper> has type <com.luisalonso.userservice.mapper.UserMapper> in (UserService.java:0)
Field <com.luisalonso.userservice.service.UserServiceTest.service> is annotated with <org.springframework.beans.factory.annotation.Autowired> in (UserServiceTest.java:0)
Method <com.luisalonso.userservice.controller.UserController.adminOnly()> has return type <java.lang.String> in (UserController.java:0)
Method <com.luisalonso.userservice.controller.UserController.adminOnly()> is annotated with <org.springframework.security.access.prepost.PreAuthorize> in (UserController.java:0)
Method <com.luisalonso.userservice.controller.UserController.adminOnly()> is annotated with <org.springframework.web.bind.annotation.GetMapping> in (UserController.java:0)
Method <com.luisalonso.userservice.controller.UserController.me(org.springframework.security.oauth2.jwt.Jwt)> calls method <org.springframework.http.ResponseEntity.ok(java.lang.Object)> in (UserController.java:29)
Method <com.luisalonso.userservice.controller.UserController.me(org.springframework.security.oauth2.jwt.Jwt)> calls method <org.springframework.security.oauth2.jwt.Jwt.getSubject()> in (UserController.java:27)
Method <com.luisalonso.userservice.controller.UserController.me(org.springframework.security.oauth2.jwt.Jwt)> has generic return type <org.springframework.http.ResponseEntity<com.luisalonso.userservice.dto.UserDto>> with type argument depending on <com.luisalonso.userservice.dto.UserDto> in (UserController.java:0)
Method <com.luisalonso.userservice.controller.UserController.me(org.springframework.security.oauth2.jwt.Jwt)> has parameter of type <org.springframework.security.oauth2.jwt.Jwt> in (UserController.java:0)
Method <com.luisalonso.userservice.controller.UserController.me(org.springframework.security.oauth2.jwt.Jwt)> has return type <org.springframework.http.ResponseEntity> in (UserController.java:0)
Method <com.luisalonso.userservice.controller.UserController.me(org.springframework.security.oauth2.jwt.Jwt)> is annotated with <org.springframework.web.bind.annotation.GetMapping> in (UserController.java:0)
Method <com.luisalonso.userservice.service.UserService.getUserByAzureId(java.lang.String)> calls constructor <java.lang.RuntimeException.<init>(java.lang.String)> in (UserService.java:24)
Method <com.luisalonso.userservice.service.UserService.getUserByAzureId(java.lang.String)> calls method <com.luisalonso.userservice.mapper.UserMapper.toDto(com.luisalonso.userservice.entity.User)> in (UserService.java:26)
Method <com.luisalonso.userservice.service.UserService.getUserByAzureId(java.lang.String)> calls method <java.util.Optional.orElseThrow(java.util.function.Supplier)> in (UserService.java:23)
Method <com.luisalonso.userservice.service.UserService.getUserByAzureId(java.lang.String)> has parameter of type <java.lang.String> in (UserService.java:0)
Method <com.luisalonso.userservice.service.UserService.getUserByAzureId(java.lang.String)> has return type <com.luisalonso.userservice.dto.UserDto> in (UserService.java:0)
Method <com.luisalonso.userservice.service.UserService.save(com.luisalonso.userservice.dto.UserDto)> calls method <com.luisalonso.userservice.mapper.UserMapper.toDto(com.luisalonso.userservice.entity.User)> in (UserService.java:33)
Method <com.luisalonso.userservice.service.UserService.save(com.luisalonso.userservice.dto.UserDto)> calls method <com.luisalonso.userservice.mapper.UserMapper.toEntity(com.luisalonso.userservice.dto.UserDto)> in (UserService.java:31)
Method <com.luisalonso.userservice.service.UserService.save(com.luisalonso.userservice.dto.UserDto)> has parameter of type <com.luisalonso.userservice.dto.UserDto> in (UserService.java:0)
Method <com.luisalonso.userservice.service.UserService.save(com.luisalonso.userservice.dto.UserDto)> has return type <com.luisalonso.userservice.dto.UserDto> in (UserService.java:0)
Method <com.luisalonso.userservice.service.UserServiceTest.shouldSaveUser()> calls constructor <com.luisalonso.userservice.dto.UserDto.<init>()> in (UserServiceTest.java:20)
Method <com.luisalonso.userservice.service.UserServiceTest.shouldSaveUser()> calls method <com.luisalonso.userservice.dto.UserDto.setName(java.lang.String)> in (UserServiceTest.java:22)
Method <com.luisalonso.userservice.service.UserServiceTest.shouldSaveUser()> calls method <org.junit.jupiter.api.Assertions.assertNotNull(java.lang.Object)> in (UserServiceTest.java:26)
Method <com.luisalonso.userservice.service.UserServiceTest.shouldSaveUser()> is annotated with <org.junit.jupiter.api.Test> in (UserServiceTest.java:0)
Parameter <org.springframework.security.oauth2.jwt.Jwt> of method <com.luisalonso.userservice.controller.UserController.me(org.springframework.security.oauth2.jwt.Jwt)> is annotated with <org.springframework.security.core.annotation.AuthenticationPrincipal> in (UserController.java:0)
	at com.tngtech.archunit.lang.ArchRule$Assertions.assertNoViolation(ArchRule.java:94)
	at com.tngtech.archunit.lang.ArchRule$Assertions.check(ArchRule.java:86)
	at com.tngtech.archunit.library.Architectures$LayeredArchitecture.check(Architectures.java:347)
	at com.tngtech.archunit.junit.internal.ArchUnitTestDescriptor$ArchUnitRuleDescriptor.execute(ArchUnitTestDescriptor.java:167)
	at com.tngtech.archunit.junit.internal.ArchUnitTestDescriptor$ArchUnitRuleDescriptor.execute(ArchUnitTestDescriptor.java:150)
	at java.base/java.util.ArrayList.forEach(ArrayList.java:1596)
	at java.base/java.util.ArrayList.forEach(ArrayList.java:1596)
]]></failure>
    <system-out><![CDATA[2026-04-12T18:49:53.881-06:00  INFO 7908 --- [           main] com.tngtech.archunit.core.PluginLoader   : Detected Java version 21.0.10
]]></system-out>
  </testcase>
</testsuite>